<?xml version="1.0" encoding="UTF-8"?>
<!-- Generated by org.testng.reporters.JUnitXMLReporter -->
<testsuite ignored="0" hostname="Mahi" failures="0" tests="3" name="Default test" time="90.837" errors="0" timestamp="2021-06-03T23:42:00 IST">
  <testcase classname="com.test.classes.TestClass" name="verifyReportLink" time="10.816"/>
  <testcase classname="com.test.classes.TestClass" name="verifyTaskLink" time="5.222"/>
  <testcase classname="com.test.classes.TestClass" name="verifyUserLink" time="14.665"/>
</testsuite> <!-- Default test -->
